TN:
SF:script/Deploy.s.sol
DA:16,0
FN:16,Deploy.setUp
FNDA:0,Deploy.setUp
DA:18,0
FN:18,Deploy.run
FNDA:0,Deploy.run
DA:19,0
DA:20,0
DA:21,0
DA:23,0
DA:26,0
DA:27,0
DA:28,0
DA:29,0
DA:32,0
DA:38,0
DA:43,0
DA:50,0
DA:59,0
DA:63,0
DA:69,0
DA:70,0
DA:71,0
DA:72,0
DA:73,0
DA:77,0
DA:78,0
DA:82,0
DA:83,0
DA:84,0
DA:86,0
DA:89,0
FN:89,Deploy.deployTestnet
FNDA:0,Deploy.deployTestnet
DA:91,0
DA:92,0
DA:93,0
DA:95,0
DA:98,0
DA:99,0
DA:100,0
DA:101,0
DA:104,0
DA:110,0
DA:115,0
DA:122,0
DA:131,0
DA:135,0
DA:141,0
DA:142,0
DA:143,0
DA:144,0
DA:145,0
DA:149,0
DA:150,0
DA:154,0
DA:155,0
DA:156,0
DA:158,0
FNF:3
FNH:0
LF:53
LH:0
BRF:0
BRH:0
end_of_record
TN:
SF:src/CircleSavingsV1.sol
DA:214,27
FN:214,CircleSavingsV1.constructor
FNDA:27,CircleSavingsV1.constructor
DA:215,0
DA:225,27
FN:225,CircleSavingsV1.initialize
FNDA:27,CircleSavingsV1.initialize
DA:231,27
DA:232,0
DA:233,0
DA:236,27
DA:237,27
DA:238,27
DA:239,0
BRDA:239,0,0,-
DA:241,27
DA:242,27
DA:243,27
DA:244,27
DA:245,27
DA:247,27
BRDA:247,1,0,-
DA:248,0
DA:259,0
FN:259,CircleSavingsV1.upgrade
FNDA:0,CircleSavingsV1.upgrade
DA:265,0
BRDA:265,2,0,-
DA:266,0
DA:268,0
BRDA:268,3,0,-
DA:269,0
DA:271,0
BRDA:271,4,0,-
DA:272,0
DA:280,0
FN:280,CircleSavingsV1._authorizeUpgrade
FNDA:0,CircleSavingsV1._authorizeUpgrade
DA:283,0
DA:290,0
FN:290,CircleSavingsV1.updateReputationContract
FNDA:0,CircleSavingsV1.updateReputationContract
DA:293,0
DA:294,0
BRDA:294,5,0,-
DA:295,0
DA:296,0
DA:305,16
FN:305,CircleSavingsV1.createCircle
FNDA:16,CircleSavingsV1.createCircle
DA:308,16
BRDA:308,6,0,-
DA:310,16
DA:311,16
DA:312,0
BRDA:312,7,0,-
DA:313,16
DA:314,0
BRDA:314,8,0,-
DA:316,16
DA:317,16
DA:321,16
DA:323,16
BRDA:323,9,0,7
DA:324,7
DA:325,7
DA:326,7
DA:329,16
DA:335,16
DA:351,16
DA:360,16
DA:362,16
DA:364,0
DA:372,0
FN:372,CircleSavingsV1.updateCircleVisibility
FNDA:0,CircleSavingsV1.updateCircleVisibility
DA:376,0
DA:377,0
BRDA:377,10,0,-
DA:379,0
DA:380,0
BRDA:380,11,0,-
DA:381,0
BRDA:381,12,0,-
DA:382,0
BRDA:382,13,0,-
DA:384,0
DA:389,0
DA:391,0
DA:393,0
DA:401,8
FN:401,CircleSavingsV1.inviteMembers
FNDA:8,CircleSavingsV1.inviteMembers
DA:405,8
DA:406,0
BRDA:406,14,0,-
DA:408,8
DA:409,8
BRDA:409,15,0,-
DA:410,8
BRDA:410,16,0,-
DA:411,8
BRDA:411,17,0,-
DA:413,8
DA:414,29
DA:415,29
DA:423,48
FN:423,CircleSavingsV1.joinCircle
FNDA:48,CircleSavingsV1.joinCircle
DA:424,48
DA:425,0
BRDA:425,18,0,-
DA:427,48
DA:428,48
BRDA:428,19,0,-
DA:430,0
BRDA:430,20,0,-
DA:431,48
BRDA:431,21,0,-
DA:433,48
BRDA:433,22,0,30
DA:434,30
BRDA:434,23,0,1
DA:437,47
DA:442,47
DA:448,47
DA:457,47
DA:459,47
DA:461,47
DA:463,47
BRDA:463,24,0,10
DA:464,10
DA:465,10
DA:473,4
FN:473,CircleSavingsV1.initiateVoting
FNDA:4,CircleSavingsV1.initiateVoting
DA:474,4
DA:475,0
BRDA:475,25,0,-
DA:477,4
DA:478,4
BRDA:478,26,0,-
DA:480,4
DA:481,1
BRDA:481,27,0,1
DA:483,3
DA:484,3
DA:485,1
BRDA:485,28,0,1
DA:487,2
DA:488,0
BRDA:488,29,0,-
DA:489,0
BRDA:489,30,0,-
DA:491,2
DA:492,2
DA:493,2
DA:494,2
DA:495,2
DA:496,2
DA:498,2
DA:500,2
DA:508,5
FN:508,CircleSavingsV1.castVote
FNDA:5,CircleSavingsV1.castVote
DA:509,5
DA:510,0
BRDA:510,31,0,-
DA:511,5
BRDA:511,32,0,-
DA:513,5
DA:514,5
BRDA:514,33,0,-
DA:516,5
DA:517,5
BRDA:517,34,0,-
DA:519,5
DA:520,5
BRDA:520,35,0,-
DA:521,5
BRDA:521,36,0,-
DA:523,5
DA:524,5
BRDA:524,37,0,-
DA:526,5
DA:528,5
BRDA:528,38,0,3
BRDA:528,38,1,2
DA:529,3
DA:531,2
DA:534,5
DA:541,2
FN:541,CircleSavingsV1.executeVote
FNDA:2,CircleSavingsV1.executeVote
DA:542,2
DA:543,0
BRDA:543,39,0,-
DA:545,2
DA:546,2
BRDA:546,40,0,-
DA:548,2
DA:549,2
BRDA:549,41,0,-
DA:550,2
BRDA:550,42,0,-
DA:551,0
BRDA:551,43,0,-
DA:553,2
DA:554,2
DA:556,2
DA:557,2
DA:561,2
DA:563,1
BRDA:563,44,0,1
BRDA:563,44,1,1
DA:564,1
DA:565,1
DA:567,1
DA:574,1
DA:575,1
DA:588,1
FN:588,CircleSavingsV1.WithdrawCollateral
FNDA:1,CircleSavingsV1.WithdrawCollateral
DA:589,1
DA:590,0
BRDA:590,45,0,-
DA:592,1
DA:593,1
BRDA:593,46,0,-
DA:595,1
DA:596,1
BRDA:596,47,0,-
DA:598,1
DA:600,1
DA:601,1
BRDA:601,48,0,1
BRDA:601,48,1,-
DA:602,1
DA:604,0
DA:605,0
BRDA:605,49,0,-
DA:606,0
BRDA:606,50,0,-
DA:607,0
DA:612,1
BRDA:612,51,0,-
DA:614,1
DA:615,1
DA:616,1
DA:618,1
DA:620,1
DA:627,0
FN:627,CircleSavingsV1.startCircle
FNDA:0,CircleSavingsV1.startCircle
DA:628,0
DA:629,0
BRDA:629,52,0,-
DA:631,0
DA:632,0
BRDA:632,53,0,-
DA:633,0
BRDA:633,54,0,-
DA:635,0
DA:636,0
BRDA:636,55,0,-
DA:638,0
DA:639,0
DA:640,0
BRDA:640,56,0,-
DA:642,0
DA:649,80
FN:649,CircleSavingsV1.contribute
FNDA:80,CircleSavingsV1.contribute
DA:650,80
DA:651,0
BRDA:651,57,0,-
DA:653,80
DA:654,80
BRDA:654,58,0,-
DA:656,80
DA:657,80
BRDA:657,59,0,-
DA:659,80
DA:661,0
BRDA:661,60,0,-
DA:663,80
DA:669,80
DA:670,80
DA:671,80
DA:673,80
DA:675,23
BRDA:675,61,0,23
BRDA:675,61,1,57
DA:676,23
DA:678,57
DA:679,57
DA:682,80
DA:683,80
DA:690,80
DA:697,63
FN:697,CircleSavingsV1._calcCollateral
FNDA:63,CircleSavingsV1._calcCollateral
DA:701,63
DA:702,63
DA:703,63
DA:709,11
FN:709,CircleSavingsV1._startCircleInternal
FNDA:11,CircleSavingsV1._startCircleInternal
DA:710,11
DA:712,11
DA:714,11
DA:715,11
DA:716,11
DA:718,11
DA:723,11
DA:729,11
FN:729,CircleSavingsV1._assignPosition
FNDA:11,CircleSavingsV1._assignPosition
DA:730,11
DA:731,11
DA:733,11
DA:734,11
DA:736,11
DA:737,11
DA:738,11
DA:740,11
DA:742,11
DA:743,53
BRDA:743,62,0,42
DA:744,42
DA:745,42
DA:746,42
DA:750,11
DA:751,42
DA:752,61
BRDA:752,63,0,-
DA:753,0
DA:754,0
DA:755,0
DA:757,0
DA:758,0
DA:759,0
DA:764,11
DA:765,42
DA:766,42
DA:767,42
DA:774,42
FN:774,CircleSavingsV1._getReputationScore
FNDA:42,CircleSavingsV1._getReputationScore
DA:778,42
BRDA:777,64,0,42
DA:780,42
DA:781,0
BRDA:781,64,1,-
DA:782,0
DA:789,16
FN:789,CircleSavingsV1._increaseReputation
FNDA:16,CircleSavingsV1._increaseReputation
DA:795,16
BRDA:794,65,0,16
DA:810,23
FN:810,CircleSavingsV1._decreaseReputation
FNDA:23,CircleSavingsV1._decreaseReputation
DA:816,23
BRDA:815,66,0,23
DA:831,16
FN:831,CircleSavingsV1._recordCircleCompleted
FNDA:16,CircleSavingsV1._recordCircleCompleted
DA:832,16
BRDA:832,67,0,16
DA:842,23
FN:842,CircleSavingsV1._recordLatePayment
FNDA:23,CircleSavingsV1._recordLatePayment
DA:843,23
BRDA:843,68,0,23
DA:853,25
FN:853,CircleSavingsV1._nextDeadline
FNDA:25,CircleSavingsV1._nextDeadline
DA:857,25
DA:858,20
DA:859,0
DA:865,16
FN:865,CircleSavingsV1._payoutRound
FNDA:16,CircleSavingsV1._payoutRound
DA:866,16
DA:867,16
DA:869,16
DA:871,16
DA:874,16
DA:876,16
BRDA:876,73,0,8
DA:877,8
DA:878,8
DA:879,8
DA:882,16
DA:883,16
DA:884,16
DA:887,16
DA:888,16
DA:890,16
DA:892,16
DA:898,16
FN:898,CircleSavingsV1._progressNextRound
FNDA:16,CircleSavingsV1._progressNextRound
DA:903,16
BRDA:903,74,0,14
BRDA:903,74,1,2
DA:904,14
DA:905,14
DA:910,2
DA:911,2
DA:912,2
DA:919,2
FN:919,CircleSavingsV1._releaseAllCollateral
FNDA:2,CircleSavingsV1._releaseAllCollateral
DA:920,2
DA:922,2
DA:923,10
DA:925,10
BRDA:925,75,0,10
DA:926,10
DA:927,10
DA:928,10
DA:936,3
FN:936,CircleSavingsV1._ultimatum
FNDA:3,CircleSavingsV1._ultimatum
DA:937,3
DA:938,0
DA:944,80
FN:944,CircleSavingsV1._checkComplete
FNDA:80,CircleSavingsV1._checkComplete
DA:945,80
DA:946,80
DA:947,80
DA:949,80
DA:950,400
DA:952,400
DA:954,240
BRDA:954,77,0,240
DA:955,240
DA:959,80
BRDA:959,78,0,16
DA:965,80
FN:965,CircleSavingsV1._getGracePeriod
FNDA:80,CircleSavingsV1._getGracePeriod
DA:966,80
DA:967,55
DA:973,23
FN:973,CircleSavingsV1._handleLate
FNDA:23,CircleSavingsV1._handleLate
DA:974,23
DA:976,23
DA:977,23
DA:978,23
BRDA:978,80,0,23
BRDA:978,80,1,-
DA:979,23
DA:981,0
DA:984,23
DA:985,23
DA:988,23
DA:989,23
DA:991,23
DA:998,1
FN:998,CircleSavingsV1.withdrawPlatformFees
FNDA:1,CircleSavingsV1.withdrawPlatformFees
DA:999,1
DA:1000,1
DA:1001,1
DA:1007,0
FN:1007,CircleSavingsV1.updateTreasury
FNDA:0,CircleSavingsV1.updateTreasury
DA:1008,0
BRDA:1008,81,0,-
DA:1009,0
DA:1015,0
FN:1015,CircleSavingsV1.setPlatformFeeBps
FNDA:0,CircleSavingsV1.setPlatformFeeBps
DA:1016,0
BRDA:1016,82,0,-
BRDA:1016,82,1,-
DA:1017,0
DA:1024,16
FN:1024,CircleSavingsV1._getByPos
FNDA:16,CircleSavingsV1._getByPos
DA:1028,16
DA:1030,16
DA:1031,36
DA:1034,0
DA:1042,1
FN:1042,CircleSavingsV1.canWithdrawAfterVote
FNDA:1,CircleSavingsV1.canWithdrawAfterVote
DA:1045,1
DA:1046,1
DA:1048,1
DA:1049,1
DA:1051,1
DA:1052,1
DA:1056,1
DA:1062,0
FN:1062,CircleSavingsV1.getVoteInfo
FNDA:0,CircleSavingsV1.getVoteInfo
DA:1076,0
DA:1078,0
DA:1091,0
FN:1091,CircleSavingsV1.isInvited
FNDA:0,CircleSavingsV1.isInvited
DA:1095,0
DA:1101,3
FN:1101,CircleSavingsV1.getCircleDetails
FNDA:3,CircleSavingsV1.getCircleDetails
DA:1113,3
DA:1114,3
DA:1116,3
BRDA:1116,86,0,2
DA:1117,2
DA:1122,3
DA:1124,3
DA:1130,0
FN:1130,CircleSavingsV1.getUserCircles
FNDA:0,CircleSavingsV1.getUserCircles
DA:1133,0
DA:1135,0
DA:1136,0
BRDA:1136,87,0,-
DA:1137,0
DA:1141,0
DA:1142,0
DA:1144,0
DA:1145,0
BRDA:1145,88,0,-
DA:1146,0
DA:1147,0
DA:1151,0
DA:1157,3
FN:1157,CircleSavingsV1.getMemberInfo
FNDA:3,CircleSavingsV1.getMemberInfo
DA:1169,3
DA:1170,3
DA:1172,3
BRDA:1172,89,0,2
DA:1173,2
DA:1176,2
DA:1179,3
DA:1185,0
FN:1185,CircleSavingsV1.getCircleProgress
FNDA:0,CircleSavingsV1.getCircleProgress
DA:1197,0
DA:1198,0
DA:1199,0
DA:1200,0
DA:1202,0
BRDA:1202,90,0,-
DA:1203,0
DA:1204,0
DA:1205,0
BRDA:1205,91,0,-
DA:1206,0
DA:1210,0
DA:1221,0
FN:1221,CircleSavingsV1.getCircleMembers
FNDA:0,CircleSavingsV1.getCircleMembers
DA:1224,0
DA:1230,0
FN:1230,CircleSavingsV1.version
FNDA:0,CircleSavingsV1.version
DA:1231,0
FNF:44
FNH:31
LF:388
LH:277
BRF:91
BRH:28
end_of_record
TN:
SF:src/PersonalSavingsV1.sol
DA:97,16
FN:97,PersonalSavingsV1.constructor
FNDA:16,PersonalSavingsV1.constructor
DA:98,0
DA:106,16
FN:106,PersonalSavingsV1.initialize
FNDA:16,PersonalSavingsV1.initialize
DA:111,16
DA:112,0
DA:113,0
DA:115,16
BRDA:115,0,0,-
DA:116,16
BRDA:116,1,0,-
DA:118,16
DA:119,16
DA:120,16
DA:123,16
BRDA:123,2,0,-
DA:124,0
DA:133,0
FN:133,PersonalSavingsV1.upgrade
FNDA:0,PersonalSavingsV1.upgrade
DA:138,0
BRDA:138,3,0,-
DA:139,0
DA:141,0
BRDA:141,4,0,-
DA:142,0
DA:150,0
FN:150,PersonalSavingsV1._authorizeUpgrade
FNDA:0,PersonalSavingsV1._authorizeUpgrade
DA:153,0
DA:162,12
FN:162,PersonalSavingsV1.createPersonalGoal
FNDA:12,PersonalSavingsV1.createPersonalGoal
DA:165,12
DA:166,0
BRDA:166,5,0,-
DA:167,12
BRDA:167,6,0,-
DA:168,12
BRDA:168,7,0,-
DA:170,12
DA:172,12
DA:185,12
DA:187,12
DA:194,0
DA:201,17
FN:201,PersonalSavingsV1.ContributeToGoal
FNDA:17,PersonalSavingsV1.ContributeToGoal
DA:202,17
BRDA:202,8,0,-
DA:204,17
DA:205,17
BRDA:205,9,0,-
DA:206,17
BRDA:206,10,0,-
DA:208,17
BRDA:208,11,0,7
DA:209,7
DA:211,7
BRDA:211,12,0,1
DA:212,1
DA:216,16
DA:222,16
DA:223,16
DA:225,16
DA:227,16
BRDA:227,13,0,6
DA:228,6
DA:233,6
DA:242,4
FN:242,PersonalSavingsV1.withdrawFromGoal
FNDA:4,PersonalSavingsV1.withdrawFromGoal
DA:246,4
BRDA:246,14,0,-
DA:248,4
DA:249,4
BRDA:249,15,0,-
DA:250,4
BRDA:250,16,0,-
DA:251,4
BRDA:251,17,0,1
DA:253,3
DA:254,3
DA:255,3
DA:256,3
DA:258,3
DA:260,3
BRDA:260,18,0,2
BRDA:260,18,1,1
DA:261,2
DA:263,1
DA:266,3
DA:272,3
DA:274,3
BRDA:274,19,0,-
DA:281,5
FN:281,PersonalSavingsV1.CompleteGoal
FNDA:5,PersonalSavingsV1.CompleteGoal
DA:282,5
BRDA:282,20,0,-
DA:284,5
DA:285,5
BRDA:285,21,0,-
DA:286,5
BRDA:286,22,0,-
DA:287,5
BRDA:287,23,0,-
DA:289,5
DA:290,5
DA:291,5
DA:293,5
DA:294,5
DA:296,5
DA:303,7
FN:303,PersonalSavingsV1._freqSeconds
FNDA:7,PersonalSavingsV1._freqSeconds
DA:304,7
DA:305,7
DA:306,0
DA:312,3
FN:312,PersonalSavingsV1._penaltyBps
FNDA:3,PersonalSavingsV1._penaltyBps
DA:313,3
DA:314,2
DA:315,1
DA:316,1
DA:317,1
DA:324,0
FN:324,PersonalSavingsV1.getUserGoals
FNDA:0,PersonalSavingsV1.getUserGoals
DA:327,0
DA:333,0
FN:333,PersonalSavingsV1.getUserReputation
FNDA:0,PersonalSavingsV1.getUserReputation
DA:334,0
DA:340,0
FN:340,PersonalSavingsV1.version
FNDA:0,PersonalSavingsV1.version
DA:341,0
FNF:13
FNH:8
LF:91
LH:71
BRF:25
BRH:6
end_of_record
TN:
SF:src/ReputationV1.sol
DA:54,1
FN:54,ReputationV1.onlyAuthorized
FNDA:1,ReputationV1.onlyAuthorized
DA:55,1
BRDA:55,0,0,-
DA:56,0
DA:62,49
FN:62,ReputationV1.constructor
FNDA:49,ReputationV1.constructor
DA:63,0
DA:70,49
FN:70,ReputationV1.initialize
FNDA:49,ReputationV1.initialize
DA:71,49
DA:72,0
DA:74,49
BRDA:74,1,0,-
DA:75,0
DA:83,1
FN:83,ReputationV1.upgrade
FNDA:1,ReputationV1.upgrade
DA:91,0
FN:91,ReputationV1._authorizeUpgrade
FNDA:0,ReputationV1._authorizeUpgrade
DA:94,0
DA:103,51
FN:103,ReputationV1.authorizeContract
FNDA:51,ReputationV1.authorizeContract
DA:107,51
BRDA:107,2,0,-
DA:108,0
BRDA:108,3,0,-
DA:110,51
DA:111,51
DA:112,51
DA:114,51
DA:121,0
FN:121,ReputationV1.deauthorizeContract
FNDA:0,ReputationV1.deauthorizeContract
DA:122,0
BRDA:122,4,0,-
DA:124,0
DA:126,0
DA:136,31
FN:136,ReputationV1.increaseReputation
FNDA:31,ReputationV1.increaseReputation
DA:141,31
BRDA:141,5,0,-
DA:142,31
BRDA:142,6,0,-
DA:144,31
DA:146,31
DA:160,27
FN:160,ReputationV1.decreaseReputation
FNDA:27,ReputationV1.decreaseReputation
DA:165,27
BRDA:165,7,0,-
DA:166,27
BRDA:166,8,0,-
DA:168,27
BRDA:168,9,0,2
BRDA:168,9,1,25
DA:169,2
DA:171,25
DA:174,27
DA:186,18
FN:186,ReputationV1.recordCircleCompleted
FNDA:18,ReputationV1.recordCircleCompleted
DA:187,18
BRDA:187,10,0,-
DA:189,18
DA:191,18
DA:198,25
FN:198,ReputationV1.recordLatePayment
FNDA:25,ReputationV1.recordLatePayment
DA:199,25
BRDA:199,11,0,-
DA:201,25
DA:203,25
DA:212,1
FN:212,ReputationV1.batchUpdateReputation
FNDA:1,ReputationV1.batchUpdateReputation
DA:217,1
BRDA:217,12,0,-
BRDA:217,12,1,-
DA:219,1
DA:220,3
DA:221,3
DA:223,3
BRDA:223,15,0,2
BRDA:223,15,1,1
DA:224,2
DA:225,2
DA:226,2
DA:233,1
DA:234,1
BRDA:234,16,0,-
BRDA:234,16,1,1
DA:235,0
DA:237,1
DA:239,1
DA:255,22
FN:255,ReputationV1.getReputation
FNDA:22,ReputationV1.getReputation
DA:256,22
DA:267,56
FN:267,ReputationV1.getUserReputationData
FNDA:56,ReputationV1.getUserReputationData
DA:279,56
DA:280,56
DA:281,56
DA:283,56
DA:285,56
DA:298,1
FN:298,ReputationV1.isAuthorized
FNDA:1,ReputationV1.isAuthorized
DA:299,1
DA:306,0
FN:306,ReputationV1.getAuthorizedContracts
FNDA:0,ReputationV1.getAuthorizedContracts
DA:307,0
DA:315,1
FN:315,ReputationV1.getContractName
FNDA:1,ReputationV1.getContractName
DA:318,1
DA:324,0
FN:324,ReputationV1.version
FNDA:0,ReputationV1.version
DA:325,0
FNF:18
FNH:14
LF:74
LH:58
BRF:19
BRH:5
end_of_record
TN:
SF:src/UserProfileV1.sol
DA:59,9
FN:59,UserProfileV1.constructor
FNDA:9,UserProfileV1.constructor
DA:60,0
DA:67,9
FN:67,UserProfileV1.initialize
FNDA:9,UserProfileV1.initialize
DA:68,9
DA:69,0
DA:72,9
BRDA:72,0,0,-
DA:73,0
DA:81,0
FN:81,UserProfileV1.upgrade
FNDA:0,UserProfileV1.upgrade
DA:89,0
FN:89,UserProfileV1._authorizeUpgrade
FNDA:0,UserProfileV1._authorizeUpgrade
DA:92,0
DA:103,7
FN:103,UserProfileV1.createProfile
FNDA:7,UserProfileV1.createProfile
DA:108,0
BRDA:108,1,0,-
DA:109,7
BRDA:109,2,0,-
DA:110,7
BRDA:110,3,0,-
DA:111,7
BRDA:111,4,0,-
DA:114,7
BRDA:114,5,0,1
DA:115,1
DA:118,6
DA:128,6
DA:129,6
DA:130,6
DA:132,6
DA:140,1
FN:140,UserProfileV1.updatePhoto
FNDA:1,UserProfileV1.updatePhoto
DA:141,1
BRDA:141,6,0,-
DA:142,1
BRDA:142,7,0,-
DA:144,1
DA:147,1
DA:148,1
BRDA:148,8,0,-
DA:149,0
DA:152,1
DA:153,1
DA:155,1
DA:162,4
FN:162,UserProfileV1.updateUsername
FNDA:4,UserProfileV1.updateUsername
DA:163,4
BRDA:163,9,0,-
DA:164,4
BRDA:164,10,0,-
DA:168,4
DA:169,0
DA:170,0
BRDA:170,11,0,-
DA:171,0
DA:174,4
DA:177,4
BRDA:177,12,0,2
DA:178,2
DA:180,2
BRDA:180,13,0,1
DA:181,1
DA:185,3
DA:188,3
DA:191,3
DA:192,3
DA:193,3
DA:195,3
DA:203,1
FN:203,UserProfileV1.updateProfile
FNDA:1,UserProfileV1.updateProfile
DA:207,1
BRDA:207,14,0,-
DA:208,1
DA:209,0
BRDA:209,15,0,-
DA:211,1
DA:214,1
BRDA:214,16,0,1
DA:217,1
DA:218,0
DA:219,0
BRDA:219,17,0,-
DA:220,0
DA:224,1
DA:226,1
BRDA:226,18,0,-
DA:227,0
DA:230,1
DA:233,1
DA:236,1
DA:237,1
DA:238,1
DA:240,1
DA:244,1
BRDA:244,19,0,1
DA:246,1
DA:248,1
BRDA:248,20,0,-
DA:249,0
DA:252,1
DA:253,1
DA:255,1
DA:266,3
FN:266,UserProfileV1.getProfile
FNDA:3,UserProfileV1.getProfile
DA:269,3
BRDA:269,21,0,-
DA:270,3
DA:278,1
FN:278,UserProfileV1.getAddressByUsername
FNDA:1,UserProfileV1.getAddressByUsername
DA:281,1
DA:282,1
BRDA:282,22,0,-
DA:283,0
DA:291,1
FN:291,UserProfileV1.isUsernameAvailable
FNDA:1,UserProfileV1.isUsernameAvailable
DA:294,1
DA:302,0
FN:302,UserProfileV1.hasUserProfile
FNDA:0,UserProfileV1.hasUserProfile
DA:303,0
DA:311,0
FN:311,UserProfileV1.getUsernameUpdateCooldownRemaining
FNDA:0,UserProfileV1.getUsernameUpdateCooldownRemaining
DA:314,0
BRDA:314,23,0,-
DA:316,0
DA:317,0
DA:320,0
BRDA:320,24,0,-
DA:321,0
DA:324,0
DA:331,0
FN:331,UserProfileV1.getTotalProfiles
FNDA:0,UserProfileV1.getTotalProfiles
DA:332,0
DA:338,0
FN:338,UserProfileV1.version
FNDA:0,UserProfileV1.version
DA:339,0
FNF:15
FNH:9
LF:98
LH:67
BRF:25
BRH:5
end_of_record
TN:
SF:test/CircleSavingsV1/CircleSavingsSetup.t.sol
DA:20,23
FN:20,CircleSavingsV1Setup.setUp
FNDA:23,CircleSavingsV1Setup.setUp
DA:21,0
DA:24,23
DA:25,23
DA:29,23
DA:33,23
DA:36,23
DA:38,23
DA:46,23
DA:50,23
DA:53,23
DA:54,23
DA:55,23
DA:56,23
DA:57,23
DA:58,23
DA:59,23
DA:61,23
DA:62,138
DA:63,138
DA:67,23
DA:68,23
DA:72,6
FN:72,CircleSavingsV1Setup._createAndStartCircle
FNDA:6,CircleSavingsV1Setup._createAndStartCircle
DA:74,6
DA:75,6
DA:83,6
DA:86,6
DA:87,6
DA:88,6
DA:89,6
DA:90,6
DA:93,6
DA:94,6
DA:97,6
DA:98,6
DA:99,6
DA:100,6
DA:101,6
DA:104,6
DA:105,6
DA:106,6
DA:107,6
DA:110,6
DA:111,6
DA:112,6
DA:113,6
DA:114,6
DA:115,6
DA:116,6
DA:117,6
DA:119,0
DA:123,5
FN:123,CircleSavingsV1Setup._createDefaultCircle
FNDA:5,CircleSavingsV1Setup._createDefaultCircle
DA:124,5
DA:125,5
DA:133,5
FNF:3
FNH:3
LF:55
LH:53
BRF:0
BRH:0
end_of_record
TN:
SF:test/PersonalSavingsV1/PersonalSavingsSetup.t.sol
DA:19,12
FN:19,PersonalSavingsV1Setup.setUp
FNDA:12,PersonalSavingsV1Setup.setUp
DA:20,0
DA:23,12
DA:24,12
DA:28,12
DA:32,12
DA:35,12
DA:36,12
DA:43,12
DA:47,12
DA:50,12
DA:51,12
DA:52,12
DA:53,12
DA:54,12
DA:55,12
DA:56,12
DA:58,12
DA:59,72
DA:60,72
DA:64,12
DA:65,12
DA:72,3
FN:72,PersonalSavingsV1Setup._createDefaultGoal
FNDA:3,PersonalSavingsV1Setup._createDefaultGoal
DA:73,3
DA:74,3
DA:83,3
FNF:2
FNH:2
LF:26
LH:25
BRF:0
BRH:0
end_of_record
TN:
SF:test/ReputationV1/ReputationSetup.t.sol
DA:32,14
FN:32,ReputationSetup.setUp
FNDA:14,ReputationSetup.setUp
DA:34,14
DA:35,14
DA:36,14
DA:37,14
DA:38,14
DA:40,14
DA:43,14
DA:46,14
DA:47,14
DA:48,14
DA:50,14
DA:53,6
FN:53,ReputationSetup._authorizeContract
FNDA:6,ReputationSetup._authorizeContract
DA:57,6
DA:58,6
FNF:2
FNH:2
LF:15
LH:15
BRF:0
BRH:0
end_of_record
TN:
SF:test/UserProfileV1/UserProfileSetup.t.sol
DA:15,9
FN:15,UserProfileV1Setup.setUp
FNDA:9,UserProfileV1Setup.setUp
DA:16,0
DA:18,9
DA:20,9
DA:25,9
DA:29,9
FNF:1
FNH:1
LF:6
LH:5
BRF:0
BRH:0
end_of_record
TN:
SF:test/helpers/TestHelpers.sol
DA:17,44
FN:17,TestHelpers._setupMockTokenAndUsers
FNDA:44,TestHelpers._setupMockTokenAndUsers
DA:18,44
DA:19,44
DA:20,44
DA:21,44
DA:22,44
DA:23,44
DA:25,44
DA:27,44
DA:28,44
DA:29,44
DA:30,44
DA:31,44
DA:32,44
DA:33,44
DA:35,44
DA:36,264
FNF:1
FNH:1
LF:17
LH:17
BRF:0
BRH:0
end_of_record
TN:
SF:test/mocks/MockERC20.sol
DA:18,0
FN:18,MockERC20.totalSupply
FNDA:0,MockERC20.totalSupply
DA:19,0
DA:22,174
FN:22,MockERC20.balanceOf
FNDA:174,MockERC20.balanceOf
DA:25,174
DA:28,36
FN:28,MockERC20.transfer
FNDA:36,MockERC20.transfer
DA:32,36
DA:33,36
DA:34,36
DA:35,36
DA:38,0
FN:38,MockERC20.allowance
FNDA:0,MockERC20.allowance
DA:42,0
DA:45,226
FN:45,MockERC20.approve
FNDA:226,MockERC20.approve
DA:49,226
DA:50,226
DA:51,0
DA:54,159
FN:54,MockERC20.transferFrom
FNDA:159,MockERC20.transferFrom
DA:59,159
DA:60,159
DA:61,159
DA:62,159
DA:63,0
DA:66,310
FN:66,MockERC20.mint
FNDA:310,MockERC20.mint
DA:67,310
DA:68,310
DA:69,310
FNF:7
FNH:5
LF:25
LH:19
BRF:0
BRH:0
end_of_record
