TN:
SF:script/Deploy.s.sol
DA:10,0
FN:10,Deploy.run
FNDA:0,Deploy.run
DA:12,0
DA:13,0
DA:14,0
DA:16,0
DA:19,0
DA:20,0
DA:23,0
DA:29,0
DA:32,0
DA:33,0
DA:34,0
DA:35,0
DA:37,0
FNF:1
FNH:0
LF:14
LH:0
BRF:0
BRH:0
end_of_record
TN:
SF:src/CirclePotV1.sol
DA:267,60
FN:267,CirclePotV1.constructor
FNDA:60,CirclePotV1.constructor
DA:268,0
DA:277,60
FN:277,CirclePotV1.initialize
FNDA:60,CirclePotV1.initialize
DA:282,60
DA:283,0
DA:284,0
DA:286,60
DA:287,1
BRDA:287,0,0,1
DA:289,59
DA:290,59
DA:291,59
DA:292,59
DA:293,59
DA:296,59
BRDA:296,1,0,-
DA:297,0
DA:307,0
FN:307,CirclePotV1.upgrade
FNDA:0,CirclePotV1.upgrade
DA:312,0
BRDA:312,2,0,-
DA:313,0
DA:315,0
BRDA:315,3,0,-
DA:316,0
DA:324,0
FN:324,CirclePotV1._authorizeUpgrade
FNDA:0,CirclePotV1._authorizeUpgrade
DA:327,0
DA:336,39
FN:336,CirclePotV1.createCircle
FNDA:39,CirclePotV1.createCircle
DA:339,39
BRDA:339,4,0,-
DA:341,39
DA:342,38
DA:343,1
BRDA:343,5,0,1
DA:344,38
DA:345,1
BRDA:345,6,0,1
DA:347,37
DA:348,37
DA:352,37
DA:355,37
BRDA:355,7,0,1
DA:356,1
DA:357,1
DA:358,1
DA:362,37
DA:369,37
DA:386,37
DA:396,37
DA:398,37
DA:400,0
DA:408,3
FN:408,CirclePotV1.updateCircleVisibility
FNDA:3,CirclePotV1.updateCircleVisibility
DA:412,3
DA:413,0
BRDA:413,8,0,-
DA:415,3
DA:416,3
BRDA:416,9,0,1
DA:417,2
BRDA:417,10,0,-
DA:418,2
BRDA:418,11,0,1
DA:421,1
DA:426,1
DA:428,1
DA:430,1
DA:438,34
FN:438,CirclePotV1.inviteMembers
FNDA:34,CirclePotV1.inviteMembers
DA:442,34
DA:443,0
BRDA:443,12,0,-
DA:445,34
DA:446,34
BRDA:446,13,0,1
DA:447,33
BRDA:447,14,0,-
DA:448,33
BRDA:448,15,0,-
DA:450,33
DA:451,158
DA:453,158
DA:461,63
FN:461,CirclePotV1.joinCircle
FNDA:63,CirclePotV1.joinCircle
DA:462,63
DA:463,0
BRDA:463,16,0,-
DA:465,63
DA:466,63
BRDA:466,17,0,1
DA:468,1
BRDA:468,18,0,1
DA:470,61
BRDA:470,19,0,-
DA:473,61
BRDA:473,20,0,61
DA:474,61
BRDA:474,21,0,1
DA:477,60
DA:483,60
DA:490,60
DA:499,60
DA:501,60
DA:503,60
DA:506,60
BRDA:506,22,0,8
DA:507,8
DA:508,8
DA:516,10
FN:516,CirclePotV1.initiateVoting
FNDA:10,CirclePotV1.initiateVoting
DA:517,10
DA:518,0
BRDA:518,23,0,-
DA:520,10
DA:521,10
BRDA:521,24,0,-
DA:524,10
DA:525,1
BRDA:525,25,0,1
DA:528,9
DA:529,9
DA:530,1
BRDA:530,26,0,1
DA:533,8
DA:534,0
BRDA:534,27,0,-
DA:535,0
BRDA:535,28,0,-
DA:538,8
DA:539,8
DA:540,8
DA:541,8
DA:542,8
DA:543,8
DA:545,8
DA:547,8
DA:555,13
FN:555,CirclePotV1.castVote
FNDA:13,CirclePotV1.castVote
DA:556,13
DA:557,0
BRDA:557,29,0,-
DA:558,13
BRDA:558,30,0,-
DA:560,13
DA:561,13
BRDA:561,31,0,-
DA:563,13
DA:564,13
BRDA:564,32,0,-
DA:566,13
DA:567,13
BRDA:567,33,0,-
DA:568,13
BRDA:568,34,0,-
DA:570,13
DA:571,13
BRDA:571,35,0,1
DA:573,12
DA:575,12
BRDA:575,36,0,8
BRDA:575,36,1,4
DA:576,8
DA:578,4
DA:581,12
DA:588,6
FN:588,CirclePotV1.executeVote
FNDA:6,CirclePotV1.executeVote
DA:589,6
DA:590,0
BRDA:590,37,0,-
DA:592,6
DA:593,6
BRDA:593,38,0,1
DA:595,5
DA:596,5
BRDA:596,39,0,-
DA:597,5
BRDA:597,40,0,1
DA:598,0
BRDA:598,41,0,-
DA:600,4
DA:601,4
DA:603,4
DA:604,4
DA:608,4
DA:610,4
BRDA:610,42,0,4
BRDA:610,42,1,2
DA:612,2
DA:613,2
DA:615,4
DA:623,2
DA:624,2
DA:637,2
FN:637,CirclePotV1.WithdrawCollateral
FNDA:2,CirclePotV1.WithdrawCollateral
DA:638,2
DA:639,0
BRDA:639,43,0,-
DA:641,2
DA:642,2
BRDA:642,44,0,1
DA:644,1
DA:645,1
BRDA:645,45,0,-
DA:647,1
DA:650,1
DA:652,1
BRDA:652,46,0,1
BRDA:652,46,1,-
DA:653,1
DA:656,0
DA:657,0
BRDA:657,47,0,-
DA:658,0
BRDA:658,48,0,-
DA:659,0
DA:664,1
BRDA:664,49,0,-
DA:666,1
DA:667,1
DA:668,1
DA:670,1
DA:672,1
DA:679,3
FN:679,CirclePotV1.startCircle
FNDA:3,CirclePotV1.startCircle
DA:680,3
DA:681,0
BRDA:681,50,0,-
DA:683,3
DA:684,3
BRDA:684,51,0,1
DA:685,2
BRDA:685,52,0,-
DA:688,2
DA:689,0
BRDA:689,53,0,-
DA:692,2
DA:693,2
DA:694,0
BRDA:694,54,0,-
DA:696,2
DA:703,25
FN:703,CirclePotV1.contribute
FNDA:25,CirclePotV1.contribute
DA:704,25
DA:705,0
BRDA:705,55,0,-
DA:707,25
DA:708,25
BRDA:708,56,0,-
DA:710,25
DA:711,25
BRDA:711,57,0,-
DA:713,25
DA:715,1
BRDA:715,58,0,1
DA:717,24
DA:723,24
DA:724,24
DA:725,24
DA:727,24
DA:729,6
BRDA:729,59,0,6
BRDA:729,59,1,18
DA:730,6
DA:732,18
DA:733,18
DA:736,24
DA:737,24
DA:744,24
DA:754,97
FN:754,CirclePotV1._calcCollateral
FNDA:97,CirclePotV1._calcCollateral
DA:758,97
DA:761,97
DA:763,97
DA:770,12
FN:770,CirclePotV1._startCircleInternal
FNDA:12,CirclePotV1._startCircleInternal
DA:771,12
DA:773,12
DA:775,12
DA:776,12
DA:777,12
DA:779,12
DA:784,12
DA:791,12
FN:791,CirclePotV1._assignPosition
FNDA:12,CirclePotV1._assignPosition
DA:792,12
DA:793,12
DA:796,12
DA:797,12
DA:800,12
DA:801,12
DA:802,12
DA:804,12
DA:806,12
DA:807,52
BRDA:807,60,0,40
DA:808,40
DA:810,40
DA:813,40
DA:818,12
DA:819,40
DA:820,52
BRDA:820,61,0,-
DA:822,0
DA:823,0
DA:824,0
DA:827,0
DA:828,0
DA:829,0
DA:835,12
DA:836,40
DA:837,40
DA:839,40
DA:846,16
FN:846,CirclePotV1._nextDeadline
FNDA:16,CirclePotV1._nextDeadline
DA:850,16
DA:851,16
DA:852,0
DA:858,4
FN:858,CirclePotV1._payoutRound
FNDA:4,CirclePotV1._payoutRound
DA:859,4
DA:860,4
DA:862,4
DA:864,4
DA:867,4
DA:869,4
BRDA:869,66,0,1
DA:870,1
DA:871,1
DA:872,1
DA:875,4
DA:876,4
DA:877,4
DA:879,4
DA:880,4
DA:882,4
DA:884,4
DA:890,4
FN:890,CirclePotV1._progressNextRound
FNDA:4,CirclePotV1._progressNextRound
DA:895,4
BRDA:895,67,0,4
BRDA:895,67,1,-
DA:896,4
DA:897,4
DA:902,0
DA:903,0
DA:904,0
DA:911,0
FN:911,CirclePotV1._releaseAllCollateral
FNDA:0,CirclePotV1._releaseAllCollateral
DA:912,0
DA:914,0
DA:915,0
DA:917,0
BRDA:917,68,0,-
DA:918,0
DA:919,0
DA:920,0
DA:928,11
FN:928,CirclePotV1._ultimatum
FNDA:11,CirclePotV1._ultimatum
DA:929,11
DA:930,0
DA:936,24
FN:936,CirclePotV1._checkComplete
FNDA:24,CirclePotV1._checkComplete
DA:937,24
DA:938,24
DA:939,24
DA:941,24
DA:942,120
DA:945,120
DA:947,65
BRDA:947,70,0,65
DA:948,65
DA:952,24
BRDA:952,71,0,4
DA:958,38
FN:958,CirclePotV1._freqSeconds
FNDA:38,CirclePotV1._freqSeconds
DA:959,38
DA:960,38
DA:961,0
DA:967,1
FN:967,CirclePotV1._penaltyBps
FNDA:1,CirclePotV1._penaltyBps
DA:968,1
DA:969,0
DA:970,0
DA:971,0
DA:972,0
DA:981,12
FN:981,CirclePotV1.createPersonalGoal
FNDA:12,CirclePotV1.createPersonalGoal
DA:984,12
DA:985,1
BRDA:985,78,0,1
DA:986,11
BRDA:986,79,0,-
DA:987,11
BRDA:987,80,0,1
DA:989,10
DA:991,10
DA:1004,10
DA:1006,10
DA:1013,0
DA:1020,44
FN:1020,CirclePotV1.ContributeToGoal
FNDA:44,CirclePotV1.ContributeToGoal
DA:1021,44
BRDA:1021,81,0,-
DA:1023,44
DA:1024,44
BRDA:1024,82,0,1
DA:1025,43
BRDA:1025,83,0,-
DA:1027,43
BRDA:1027,84,0,38
DA:1028,38
DA:1030,38
BRDA:1030,85,0,-
DA:1031,0
DA:1035,43
DA:1041,43
DA:1042,43
DA:1044,43
DA:1046,43
BRDA:1046,86,0,2
DA:1047,2
DA:1048,2
DA:1056,3
FN:1056,CirclePotV1.withdrawFromGoal
FNDA:3,CirclePotV1.withdrawFromGoal
DA:1060,3
BRDA:1060,87,0,-
DA:1062,3
DA:1063,3
BRDA:1063,88,0,-
DA:1064,3
BRDA:1064,89,0,1
DA:1065,2
BRDA:1065,90,0,1
DA:1067,1
DA:1068,1
DA:1069,1
DA:1070,1
DA:1072,1
DA:1073,1
DA:1074,1
DA:1076,1
DA:1080,1
DA:1082,1
BRDA:1082,91,0,1
DA:1089,3
FN:1089,CirclePotV1.CompleteGoal
FNDA:3,CirclePotV1.CompleteGoal
DA:1090,3
BRDA:1090,92,0,-
DA:1092,3
DA:1093,3
BRDA:1093,93,0,-
DA:1094,3
BRDA:1094,94,0,-
DA:1095,3
BRDA:1095,95,0,1
DA:1097,2
DA:1098,2
DA:1099,2
DA:1101,2
DA:1102,2
DA:1104,2
DA:1111,1
FN:1111,CirclePotV1.withdrawPlatformFees
FNDA:1,CirclePotV1.withdrawPlatformFees
DA:1112,1
DA:1113,1
DA:1114,1
DA:1120,2
FN:1120,CirclePotV1.updateTreasury
FNDA:2,CirclePotV1.updateTreasury
DA:1121,2
BRDA:1121,96,0,1
DA:1122,1
DA:1128,2
FN:1128,CirclePotV1.setPlatformFeeBps
FNDA:2,CirclePotV1.setPlatformFeeBps
DA:1129,2
BRDA:1129,97,0,-
BRDA:1129,97,1,-
DA:1130,2
DA:1136,1
FN:1136,CirclePotV1.version
FNDA:1,CirclePotV1.version
DA:1137,1
DA:1143,24
FN:1143,CirclePotV1._getGracePeriod
FNDA:24,CirclePotV1._getGracePeriod
DA:1144,24
DA:1145,24
DA:1151,6
FN:1151,CirclePotV1._handleLate
FNDA:6,CirclePotV1._handleLate
DA:1152,6
DA:1154,6
DA:1155,6
DA:1156,6
BRDA:1156,99,0,6
BRDA:1156,99,1,-
DA:1157,6
DA:1159,0
DA:1162,6
DA:1163,6
DA:1165,6
DA:1168,6
DA:1170,6
DA:1177,4
FN:1177,CirclePotV1._getByPos
FNDA:4,CirclePotV1._getByPos
DA:1181,4
DA:1183,4
DA:1184,5
DA:1187,0
DA:1195,1
FN:1195,CirclePotV1.canWithdrawAfterVote
FNDA:1,CirclePotV1.canWithdrawAfterVote
DA:1198,1
DA:1199,1
DA:1201,1
DA:1202,1
DA:1204,1
DA:1205,1
DA:1209,1
DA:1215,1
FN:1215,CirclePotV1.getVoteInfo
FNDA:1,CirclePotV1.getVoteInfo
DA:1229,1
DA:1231,1
DA:1244,2
FN:1244,CirclePotV1.isInvited
FNDA:2,CirclePotV1.isInvited
DA:1248,2
DA:1254,11
FN:1254,CirclePotV1.getCircleDetails
FNDA:11,CirclePotV1.getCircleDetails
DA:1266,11
DA:1267,11
DA:1269,11
BRDA:1269,103,0,3
DA:1270,3
DA:1275,11
DA:1277,11
DA:1283,1
FN:1283,CirclePotV1.getUserCircles
FNDA:1,CirclePotV1.getUserCircles
DA:1286,1
DA:1288,1
DA:1289,2
BRDA:1289,104,0,2
DA:1290,2
DA:1294,1
DA:1295,1
DA:1297,1
DA:1298,2
BRDA:1298,105,0,2
DA:1299,2
DA:1301,2
DA:1305,1
DA:1311,3
FN:1311,CirclePotV1.getMemberInfo
FNDA:3,CirclePotV1.getMemberInfo
DA:1323,3
DA:1324,3
DA:1326,3
BRDA:1326,106,0,1
DA:1327,1
DA:1330,1
DA:1333,3
DA:1339,1
FN:1339,CirclePotV1.getCircleProgress
FNDA:1,CirclePotV1.getCircleProgress
DA:1351,1
DA:1352,1
DA:1353,1
DA:1354,1
DA:1356,1
BRDA:1356,107,0,1
DA:1357,1
DA:1358,1
DA:1359,2
BRDA:1359,108,0,2
DA:1360,2
DA:1364,1
DA:1375,1
FN:1375,CirclePotV1.getUserReputation
FNDA:1,CirclePotV1.getUserReputation
DA:1386,1
DA:1396,1
FN:1396,CirclePotV1.getCircleMembers
FNDA:1,CirclePotV1.getCircleMembers
DA:1399,1
DA:1405,1
FN:1405,CirclePotV1.getUserGoals
FNDA:1,CirclePotV1.getUserGoals
DA:1408,1
FNF:46
FNH:43
LF:434
LH:376
BRF:101
BRH:49
end_of_record
TN:
SF:test/CirclePotV1Test.t.sol
DA:17,0
FN:17,MockERC20.totalSupply
FNDA:0,MockERC20.totalSupply
DA:18,0
DA:21,11
FN:21,MockERC20.balanceOf
FNDA:11,MockERC20.balanceOf
DA:24,11
DA:27,9
FN:27,MockERC20.transfer
FNDA:9,MockERC20.transfer
DA:31,9
DA:32,9
DA:33,9
DA:34,9
DA:37,0
FN:37,MockERC20.allowance
FNDA:0,MockERC20.allowance
DA:41,0
DA:44,354
FN:44,MockERC20.approve
FNDA:354,MockERC20.approve
DA:48,354
DA:49,354
DA:50,0
DA:53,165
FN:53,MockERC20.transferFrom
FNDA:165,MockERC20.transferFrom
DA:58,165
DA:59,165
DA:60,165
DA:61,165
DA:62,0
DA:65,354
FN:65,MockERC20.mint
FNDA:354,MockERC20.mint
DA:66,354
DA:67,354
DA:68,354
FNF:7
FNH:5
LF:25
LH:19
BRF:0
BRH:0
end_of_record
